<?xml version="1.0" encoding="UTF-8"?>
<robot generator="Robot 7.3.2 (Python 3.13.6 on win32)" generated="2025-08-29T13:07:22.527361" rpa="false" schemaversion="5">
<suite id="s1" name="Amazon Testes" source="C:\Users\telve\OneDrive\Área de Trabalho\GABRIEL\cursoudemy\robotframework\webtesting\amazon_testes.robot">
<test id="s1-t1" name="Caso de Teste 03 - Adicionar Produto no Carrinho" line="32">
<kw name="Abrir o navegador" owner="amazon_resources" type="SETUP">
<kw name="Open Browser" owner="SeleniumLibrary">
<msg time="2025-08-29T13:07:22.961653" level="INFO">Opening browser 'chrome' to base url 'None'.</msg>
<arg>browser=chrome</arg>
<arg>options=add_experimental_option("detach", True)</arg>
<doc>Opens a new browser instance to the optional ``url``.</doc>
<status status="PASS" start="2025-08-29T13:07:22.961465" elapsed="1.270952"/>
</kw>
<kw name="Maximize Browser Window" owner="SeleniumLibrary">
<doc>Maximizes current browser window.</doc>
<status status="PASS" start="2025-08-29T13:07:24.232713" elapsed="0.034059"/>
</kw>
<status status="PASS" start="2025-08-29T13:07:22.960823" elapsed="1.306081"/>
</kw>
<kw name="Acessar a home page do site Amazon.com.br" owner="amazon_resources">
<kw name="Go To" owner="SeleniumLibrary">
<msg time="2025-08-29T13:07:24.267930" level="INFO">Opening url 'https://www.amazon.com.br/'</msg>
<arg>url=${URL}</arg>
<doc>Navigates the current browser window to the provided ``url``.</doc>
<status status="PASS" start="2025-08-29T13:07:24.267744" elapsed="0.680636"/>
</kw>
<kw name="Run Keyword And Ignore Error" owner="BuiltIn">
<kw name="Element Should Be Visible" owner="SeleniumLibrary">
<msg time="2025-08-29T13:07:25.364978" level="INFO" html="true">&lt;/td&gt;&lt;/tr&gt;&lt;tr&gt;&lt;td colspan="3"&gt;&lt;a href="selenium-screenshot-157.png"&gt;&lt;img src="selenium-screenshot-157.png" width="800px"&gt;&lt;/a&gt;</msg>
<msg time="2025-08-29T13:07:25.365303" level="FAIL">Element with locator 'css:button[type=submit]' not found.</msg>
<arg>${BUTTON_INICIAR}</arg>
<arg>3s</arg>
<doc>Verifies that the element identified by ``locator`` is visible.</doc>
<status status="FAIL" start="2025-08-29T13:07:24.948828" elapsed="0.420748">Element with locator 'css:button[type=submit]' not found.</status>
</kw>
<msg time="2025-08-29T13:07:25.369802" level="INFO">${status} = FAIL</msg>
<msg time="2025-08-29T13:07:25.369848" level="INFO">${msg} = Element with locator 'css:button[type=submit]' not found.</msg>
<var>${status}</var>
<var>${msg}</var>
<arg>Element Should Be Visible</arg>
<arg>${BUTTON_INICIAR}</arg>
<arg>3s</arg>
<doc>Runs the given keyword with the given arguments and ignores possible error.</doc>
<status status="PASS" start="2025-08-29T13:07:24.948636" elapsed="0.421235"/>
</kw>
<if>
<branch type="IF" condition="'${status}' == 'PASS'">
<kw name="Click Button" owner="SeleniumLibrary">
<arg>${BUTTON_INICIAR}</arg>
<doc>Clicks the button identified by ``locator``.</doc>
<status status="NOT RUN" start="2025-08-29T13:07:25.370256" elapsed="0.000028"/>
</kw>
<kw name="Log To Console" owner="BuiltIn">
<arg>Botão clicado</arg>
<doc>Logs the given message to the console.</doc>
<status status="NOT RUN" start="2025-08-29T13:07:25.370386" elapsed="0.000024"/>
</kw>
<status status="NOT RUN" start="2025-08-29T13:07:25.369998" elapsed="0.000449"/>
</branch>
<branch type="ELSE">
<kw name="Log To Console" owner="BuiltIn">
<arg>Botão não visível, seguindo fluxo</arg>
<doc>Logs the given message to the console.</doc>
<status status="PASS" start="2025-08-29T13:07:25.370575" elapsed="0.000414"/>
</kw>
<kw name="Log To Console" owner="BuiltIn">
<arg>${msg}</arg>
<doc>Logs the given message to the console.</doc>
<status status="PASS" start="2025-08-29T13:07:25.371256" elapsed="0.000479"/>
</kw>
<status status="PASS" start="2025-08-29T13:07:25.370486" elapsed="0.001356"/>
</branch>
<status status="PASS" start="2025-08-29T13:07:25.369959" elapsed="0.001959"/>
</if>
<status status="PASS" start="2025-08-29T13:07:24.267412" elapsed="1.104637"/>
</kw>
<kw name="Digitar o nome de produto &quot;Xbox Series S&quot; no campo de pesquisa" owner="amazon_resources" source_name="Digitar o nome de produto &quot;${Produto}&quot; no campo de pesquisa">
<kw name="Wait Until Element Is Visible" owner="SeleniumLibrary">
<arg>locator=${inputSearch}</arg>
<arg>timeout=${timeout}</arg>
<doc>Waits until the element ``locator`` is visible.</doc>
<status status="PASS" start="2025-08-29T13:07:25.373153" elapsed="7.747499"/>
</kw>
<kw name="Input Text" owner="SeleniumLibrary">
<msg time="2025-08-29T13:07:33.121338" level="INFO">Typing text 'Xbox Series S' into text field 'xpath://*[@id='twotabsearchtextbox']'.</msg>
<arg>locator=${inputSearch}</arg>
<arg>text=${Produto}</arg>
<arg>clear=${True}</arg>
<doc>Types the given ``text`` into the text field identified by ``locator``.</doc>
<status status="PASS" start="2025-08-29T13:07:33.120898" elapsed="0.522874"/>
</kw>
<status status="PASS" start="2025-08-29T13:07:25.372600" elapsed="8.271309"/>
</kw>
<kw name="Clicar no botão de pesquisa" owner="amazon_resources">
<kw name="Click Button" owner="SeleniumLibrary">
<msg time="2025-08-29T13:07:33.644725" level="INFO">Clicking button 'id:nav-search-submit-button'.</msg>
<arg>locator=${seachbutton}</arg>
<doc>Clicks the button identified by ``locator``.</doc>
<status status="PASS" start="2025-08-29T13:07:33.644515" elapsed="1.941590"/>
</kw>
<status status="PASS" start="2025-08-29T13:07:33.644208" elapsed="1.942066"/>
</kw>
<kw name="Verificar o resultado da pesquisa, se estar listando o &quot;Console Xbox Series S&quot; pesquisado" owner="amazon_resources" source_name="Verificar o resultado da pesquisa, se estar listando o &quot;${produto}&quot; pesquisado">
<kw name="Wait Until Page Contains" owner="SeleniumLibrary">
<arg>text=${produto}</arg>
<doc>Waits until ``text`` appears on the current page.</doc>
<status status="PASS" start="2025-08-29T13:07:35.587234" elapsed="0.022725"/>
</kw>
<status status="PASS" start="2025-08-29T13:07:35.586718" elapsed="0.023522"/>
</kw>
<kw name="Adicionar o produto &quot;Console Xbox Series S&quot; no carrinho" owner="amazon_resources">
<kw name="Click Element" owner="SeleniumLibrary">
<msg time="2025-08-29T13:07:35.612141" level="INFO">Clicking element 'xpath:(//h2[contains (@aria-label, "Console Xbox Series S")])[1]'.</msg>
<arg>locator=${produtoAmazon}</arg>
<doc>Click the element identified by ``locator``.</doc>
<status status="PASS" start="2025-08-29T13:07:35.611454" elapsed="2.383647"/>
</kw>
<kw name="Wait Until Element Is Visible" owner="SeleniumLibrary">
<arg>locator=${AddCart}</arg>
<doc>Waits until the element ``locator`` is visible.</doc>
<status status="PASS" start="2025-08-29T13:07:37.995435" elapsed="0.037022"/>
</kw>
<kw name="Click Element" owner="SeleniumLibrary">
<msg time="2025-08-29T13:07:38.032920" level="INFO">Clicking element 'css:input[id="add-to-cart-button"]'.</msg>
<arg>locator=${AddCart}</arg>
<doc>Click the element identified by ``locator``.</doc>
<status status="PASS" start="2025-08-29T13:07:38.032677" elapsed="0.179846"/>
</kw>
<kw name="Sleep" owner="BuiltIn">
<msg time="2025-08-29T13:07:48.213769" level="INFO">Slept 10 seconds.</msg>
<arg>10</arg>
<doc>Pauses the test executed for the given time.</doc>
<status status="PASS" start="2025-08-29T13:07:38.212979" elapsed="10.000937"/>
</kw>
<kw name="Run Keyword And Ignore Error" owner="BuiltIn">
<kw name="Element Should Be Visible" owner="SeleniumLibrary">
<msg time="2025-08-29T13:07:48.238567" level="INFO">Element 'css:input[aria-labelledby="attachSiNoCoverage-announce"]' is displayed.</msg>
<arg>locator=css:input[aria-labelledby="attachSiNoCoverage-announce"]</arg>
<doc>Verifies that the element identified by ``locator`` is visible.</doc>
<status status="PASS" start="2025-08-29T13:07:48.214438" elapsed="0.024219"/>
</kw>
<msg time="2025-08-29T13:07:48.238797" level="INFO">${status} = PASS</msg>
<msg time="2025-08-29T13:07:48.238836" level="INFO">${msg} = None</msg>
<var>${status}</var>
<var>${msg}</var>
<arg>Element Should Be Visible</arg>
<arg>locator=css:input[aria-labelledby="attachSiNoCoverage-announce"]</arg>
<doc>Runs the given keyword with the given arguments and ignores possible error.</doc>
<status status="PASS" start="2025-08-29T13:07:48.214188" elapsed="0.024671"/>
</kw>
<if>
<branch type="IF" condition="&quot;${status}&quot; == &quot;PASS&quot;">
<kw name="Click Element" owner="SeleniumLibrary">
<msg time="2025-08-29T13:07:48.239563" level="INFO">Clicking element 'css:input[aria-labelledby="attachSiNoCoverage-announce"]'.</msg>
<arg>locator=css:input[aria-labelledby="attachSiNoCoverage-announce"]</arg>
<doc>Click the element identified by ``locator``.</doc>
<status status="PASS" start="2025-08-29T13:07:48.239403" elapsed="0.117488"/>
</kw>
<kw name="Log To Console" owner="BuiltIn">
<arg>Botão clicado</arg>
<doc>Logs the given message to the console.</doc>
<status status="PASS" start="2025-08-29T13:07:48.357149" elapsed="0.000352"/>
</kw>
<status status="PASS" start="2025-08-29T13:07:48.239145" elapsed="0.118445"/>
</branch>
<branch type="ELSE">
<kw name="Log To Console" owner="BuiltIn">
<arg>Botão não visível, seguindo fluxo</arg>
<doc>Logs the given message to the console.</doc>
<status status="NOT RUN" start="2025-08-29T13:07:48.357845" elapsed="0.000030"/>
</kw>
<kw name="Log To Console" owner="BuiltIn">
<arg>${msg}</arg>
<doc>Logs the given message to the console.</doc>
<status status="NOT RUN" start="2025-08-29T13:07:48.357996" elapsed="0.000031"/>
</kw>
<status status="NOT RUN" start="2025-08-29T13:07:48.357655" elapsed="0.000410"/>
</branch>
<status status="PASS" start="2025-08-29T13:07:48.239113" elapsed="0.118983"/>
</if>
<kw name="Sleep" owner="BuiltIn">
<msg time="2025-08-29T13:07:58.358563" level="INFO">Slept 10 seconds.</msg>
<arg>10s</arg>
<doc>Pauses the test executed for the given time.</doc>
<status status="PASS" start="2025-08-29T13:07:48.358184" elapsed="10.000557"/>
</kw>
<status status="PASS" start="2025-08-29T13:07:35.610932" elapsed="22.747975"/>
</kw>
<kw name="Verificar se o produto &quot;Console Xbox Series S&quot; foi adicionado com sucesso" owner="amazon_resources" source_name="Verificar se o produto &quot;${produto}&quot; foi adicionado com sucesso">
<kw name="Run Keyword And Ignore Error" owner="BuiltIn">
<kw name="Element Should Be Visible" owner="SeleniumLibrary">
<msg time="2025-08-29T13:07:58.635607" level="INFO" html="true">&lt;/td&gt;&lt;/tr&gt;&lt;tr&gt;&lt;td colspan="3"&gt;&lt;a href="selenium-screenshot-158.png"&gt;&lt;img src="selenium-screenshot-158.png" width="800px"&gt;&lt;/a&gt;</msg>
<msg time="2025-08-29T13:07:58.635896" level="FAIL">The element 'css:input[aria-labelledby*="cart-button"]' should be visible, but it is not.</msg>
<arg>css:input[aria-labelledby*="cart-button"]</arg>
<doc>Verifies that the element identified by ``locator`` is visible.</doc>
<status status="FAIL" start="2025-08-29T13:07:58.360277" elapsed="0.276847">The element 'css:input[aria-labelledby*="cart-button"]' should be visible, but it is not.</status>
</kw>
<msg time="2025-08-29T13:07:58.637308" level="INFO">${status} = FAIL</msg>
<msg time="2025-08-29T13:07:58.637348" level="INFO">${msg} = The element 'css:input[aria-labelledby*="cart-button"]' should be visible, but it is not.</msg>
<var>${status}</var>
<var>${msg}</var>
<arg>Element Should Be Visible</arg>
<arg>css:input[aria-labelledby*="cart-button"]</arg>
<doc>Runs the given keyword with the given arguments and ignores possible error.</doc>
<status status="PASS" start="2025-08-29T13:07:58.360119" elapsed="0.277253"/>
</kw>
<if>
<branch type="IF" condition="'${status}' == 'PASS'">
<kw name="Wait Until Element Is Visible" owner="SeleniumLibrary">
<arg>locator=input[aria-labelledby*="cart-button"]</arg>
<arg>timeout=${timeout}</arg>
<doc>Waits until the element ``locator`` is visible.</doc>
<status status="NOT RUN" start="2025-08-29T13:07:58.637688" elapsed="0.000026"/>
</kw>
<kw name="Click Button" owner="SeleniumLibrary">
<arg>css:input[aria-labelledby*="cart-button"]</arg>
<doc>Clicks the button identified by ``locator``.</doc>
<status status="NOT RUN" start="2025-08-29T13:07:58.637806" elapsed="0.000022"/>
</kw>
<kw name="Log To Console" owner="BuiltIn">
<arg>Botão clicado</arg>
<doc>Logs the given message to the console.</doc>
<status status="NOT RUN" start="2025-08-29T13:07:58.637919" elapsed="0.000022"/>
</kw>
<status status="NOT RUN" start="2025-08-29T13:07:58.637471" elapsed="0.000502"/>
</branch>
<branch type="ELSE">
<kw name="Log To Console" owner="BuiltIn">
<arg>Botão não visível, seguindo fluxo</arg>
<doc>Logs the given message to the console.</doc>
<status status="PASS" start="2025-08-29T13:07:58.638094" elapsed="0.000274"/>
</kw>
<kw name="Log To Console" owner="BuiltIn">
<arg>${msg}</arg>
<doc>Logs the given message to the console.</doc>
<status status="PASS" start="2025-08-29T13:07:58.638543" elapsed="0.000324"/>
</kw>
<kw name="Wait Until Element Is Visible" owner="SeleniumLibrary">
<arg>locator=css:#nav-cart</arg>
<arg>timeout=${timeout}</arg>
<doc>Waits until the element ``locator`` is visible.</doc>
<status status="PASS" start="2025-08-29T13:07:58.639127" elapsed="0.019510"/>
</kw>
<kw name="Click Element" owner="SeleniumLibrary">
<msg time="2025-08-29T13:07:58.659005" level="INFO">Clicking element 'css:#nav-cart'.</msg>
<arg>locator=css:#nav-cart</arg>
<doc>Click the element identified by ``locator``.</doc>
<status status="PASS" start="2025-08-29T13:07:58.658830" elapsed="1.000438"/>
</kw>
<status status="PASS" start="2025-08-29T13:07:58.638005" elapsed="1.021372"/>
</branch>
<status status="PASS" start="2025-08-29T13:07:58.637444" elapsed="1.021982"/>
</if>
<kw name="Wait Until Page Contains" owner="SeleniumLibrary">
<arg>text=${produto}</arg>
<doc>Waits until ``text`` appears on the current page.</doc>
<status status="PASS" start="2025-08-29T13:07:59.659621" elapsed="0.029169"/>
</kw>
<status status="PASS" start="2025-08-29T13:07:58.359613" elapsed="1.329405"/>
</kw>
<kw name="Fechar o navegador" owner="amazon_resources" type="TEARDOWN">
<kw name="Capture Page Screenshot" owner="SeleniumLibrary">
<msg time="2025-08-29T13:07:59.968306" level="INFO" html="true">&lt;/td&gt;&lt;/tr&gt;&lt;tr&gt;&lt;td colspan="3"&gt;&lt;a href="selenium-screenshot-159.png"&gt;&lt;img src="selenium-screenshot-159.png" width="800px"&gt;&lt;/a&gt;</msg>
<doc>Takes a screenshot of the current page and embeds it into a log file.</doc>
<status status="PASS" start="2025-08-29T13:07:59.690198" elapsed="0.278265"/>
</kw>
<kw name="Close Browser" owner="SeleniumLibrary">
<doc>Closes the current browser.</doc>
<status status="PASS" start="2025-08-29T13:07:59.968661" elapsed="2.417557"/>
</kw>
<status status="PASS" start="2025-08-29T13:07:59.689679" elapsed="2.696757"/>
</kw>
<doc>Esse teste verifica a adição de um produto no carrinho de compras</doc>
<tag>adicionar_carrinho</tag>
<tag>regressao</tag>
<status status="PASS" start="2025-08-29T13:07:22.959946" elapsed="39.426857"/>
</test>
<doc>Essa suite testa o site da Amazon.com.br</doc>
<status status="PASS" start="2025-08-29T13:07:22.529188" elapsed="39.858632"/>
</suite>
<statistics>
<total>
<stat pass="1" fail="0" skip="0">All Tests</stat>
</total>
<tag>
<stat pass="1" fail="0" skip="0">adicionar_carrinho</stat>
<stat pass="1" fail="0" skip="0">regressao</stat>
</tag>
<suite>
<stat name="Amazon Testes" id="s1" pass="1" fail="0" skip="0">Amazon Testes</stat>
</suite>
</statistics>
<errors>
</errors>
</robot>
